# JRE version: OpenJDK Runtime Environment (11.0.10) (build 11.0.10+0-b96-7249189)
# Java VM: OpenJDK 64-Bit Server VM (11.0.10+0-b96-7249189, mixed mode, tiered, compressed oops, g1 gc, windows-amd64)
Heap:
 garbage-first heap   total 262144K, used 28588K [0x0000000701e00000, 0x0000000800000000)
  region size 1024K, 24 young (24576K), 5 survivors (5120K)
 Metaspace       used 16234K, capacity 16502K, committed 16768K, reserved 1064960K
  class space    used 1794K, capacity 1908K, committed 1920K, reserved 1048576K
GC Heap History (8 events):
Event: 16.718 GC heap before
{Heap before GC invocations=0 (full 0):
 garbage-first heap   total 262144K, used 29696K [0x0000000701e00000, 0x0000000800000000)
  region size 1024K, 24 young (24576K), 0 survivors (0K)
 Metaspace       used 11125K, capacity 11368K, committed 11648K, reserved 1058816K
  class space    used 1206K, capacity 1301K, committed 1408K, reserved 1048576K
}
Event: 16.721 GC heap after
{Heap after GC invocations=1 (full 0):
 garbage-first heap   total 262144K, used 8650K [0x0000000701e00000, 0x0000000800000000)
  region size 1024K, 3 young (3072K), 3 survivors (3072K)
 Metaspace       used 11125K, capacity 11368K, committed 11648K, reserved 1058816K
  class space    used 1206K, capacity 1301K, committed 1408K, reserved 1048576K
}
Event: 82.798 GC heap before
{Heap before GC invocations=1 (full 0):
 garbage-first heap   total 262144K, used 162250K [0x0000000701e00000, 0x0000000800000000)
  region size 1024K, 153 young (156672K), 3 survivors (3072K)
 Metaspace       used 15942K, capacity 16246K, committed 16512K, reserved 1064960K
  class space    used 1792K, capacity 1908K, committed 1920K, reserved 1048576K
}
Event: 82.802 GC heap after
{Heap after GC invocations=2 (full 0):
 garbage-first heap   total 262144K, used 9916K [0x0000000701e00000, 0x0000000800000000)
  region size 1024K, 5 young (5120K), 5 survivors (5120K)
 Metaspace       used 15942K, capacity 16246K, committed 16512K, reserved 1064960K
  class space    used 1792K, capacity 1908K, committed 1920K, reserved 1048576K
}
Event: 132.793 GC heap before
{Heap before GC invocations=2 (full 0):
 garbage-first heap   total 262144K, used 161468K [0x0000000701e00000, 0x0000000800000000)
  region size 1024K, 153 young (156672K), 5 survivors (5120K)
 Metaspace       used 16102K, capacity 16438K, committed 16512K, reserved 1064960K
  class space    used 1792K, capacity 1908K, committed 1920K, reserved 1048576K
}
Event: 132.795 GC heap after
{Heap after GC invocations=3 (full 0):
 garbage-first heap   total 262144K, used 10057K [0x0000000701e00000, 0x0000000800000000)
  region size 1024K, 5 young (5120K), 5 survivors (5120K)
 Metaspace       used 16102K, capacity 16438K, committed 16512K, reserved 1064960K
  class space    used 1792K, capacity 1908K, committed 1920K, reserved 1048576K
}
Event: 184.807 GC heap before
{Heap before GC invocations=3 (full 0):
 garbage-first heap   total 262144K, used 161609K [0x0000000701e00000, 0x0000000800000000)
  region size 1024K, 153 young (156672K), 5 survivors (5120K)
 Metaspace       used 16225K, capacity 16502K, committed 16768K, reserved 1064960K
  class space    used 1794K, capacity 1908K, committed 1920K, reserved 1048576K
}
Event: 184.811 GC heap after
{Heap after GC invocations=4 (full 0):
 garbage-first heap   total 262144K, used 10156K [0x0000000701e00000, 0x0000000800000000)
  region size 1024K, 5 young (5120K), 5 survivors (5120K)
 Metaspace       used 16225K, capacity 16502K, committed 16768K, reserved 1064960K
  class space    used 1794K, capacity 1908K, committed 1920K, reserved 1048576K
}

